INFO:root:2017-05-14 17:53:38.101000 getting initial data...
ERROR:root:2017-05-14 17:53:39.576000 the response failed with status code 500
ERROR:root:2017-05-14 17:53:39.578000 no json data sent from server, going to sleep ....
INFO:root:2017-05-14 17:57:53.801000 getting initial data...
INFO:root:2017-05-14 17:57:55.981000 Instance of vlc_player started
INFO:root:2017-05-14 17:58:00.549000 player running...
INFO:root:2017-05-14 18:00:43.568000 getting initial data...
INFO:root:2017-05-14 18:00:45.718000 Instance of vlc_player started
INFO:root:2017-05-14 18:00:50.277000 player running...
INFO:root:2017-05-14 18:10:55.650000 getting initial data...
INFO:root:2017-05-14 18:10:57.810000 Instance of vlc_player started
INFO:root:2017-05-14 18:11:37.175000 getting initial data...
INFO:root:2017-05-14 18:11:39.360000 Instance of vlc_player started
INFO:root:2017-05-14 18:11:40.449000 player running...
INFO:root:2017-05-14 18:12:49.282000 getting initial data...
INFO:root:2017-05-14 18:12:51.450000 Instance of vlc_player started
INFO:root:2017-05-14 18:12:55.990000 player running...
INFO:root:2017-05-14 18:13:15.466000 getting initial data...
INFO:root:2017-05-14 18:13:17.641000 Instance of vlc_player started
INFO:root:2017-05-14 18:13:22.173000 player running...
INFO:root:2017-05-14 18:14:28.629000 getting initial data...
INFO:root:2017-05-14 18:14:30.721000 Instance of vlc_player started
INFO:root:2017-05-14 18:14:38.266000 player running...
INFO:root:2017-05-14 18:15:04.593000 getting initial data...
INFO:root:2017-05-14 18:15:06.713000 Instance of vlc_player started
INFO:root:2017-05-14 18:15:25.927000 getting initial data...
INFO:root:2017-05-14 18:15:28.086000 Instance of vlc_player started
INFO:root:2017-05-14 18:15:30.610000 player running...
INFO:root:2017-05-14 18:23:35.116000 getting initial data...
INFO:root:2017-05-14 18:23:37.286000 Instance of vlc_player started
INFO:root:2017-05-14 18:23:39.852000 player running...
INFO:root:2017-05-14 18:27:22.549000 getting initial data...
INFO:root:2017-05-14 18:27:24.943000 Instance of vlc_player started
INFO:root:2017-05-14 18:27:32.520000 player running...
INFO:root:2017-05-14 18:32:32.635000 querying health...
INFO:root:2017-05-14 18:32:33.652000 player running...
INFO:root:2017-05-14 18:32:33.653000 uploading health data...
INFO:root:2017-05-14 18:32:34.715000 Upload successful
INFO:root:2017-05-14 18:32:35.729000 No updates
INFO:root:2017-05-14 18:37:35.790000 querying health...
INFO:root:2017-05-14 18:37:35.798000 player running...
INFO:root:2017-05-14 18:42:35.864000 querying health...
INFO:root:2017-05-14 18:42:35.873000 player running...
INFO:root:2017-05-14 18:47:35.930000 querying health...
INFO:root:2017-05-14 18:47:35.936000 player running...
INFO:root:2017-05-14 18:52:35.982000 querying health...
INFO:root:2017-05-14 18:52:35.985000 player running...
INFO:root:2017-05-14 18:57:36.044000 querying health...
INFO:root:2017-05-14 18:57:36.051000 player running...
INFO:root:2017-05-14 19:02:36.084000 querying health...
INFO:root:2017-05-14 19:02:36.088000 player running...
INFO:root:2017-05-14 19:02:36.089000 uploading health data...
INFO:root:2017-05-14 19:02:37.118000 Upload successful
INFO:root:2017-05-14 19:07:37.171000 querying health...
INFO:root:2017-05-14 19:07:37.178000 player running...
INFO:root:2017-05-14 19:12:37.283000 querying health...
INFO:root:2017-05-14 19:12:37.294000 player running...
INFO:root:2017-05-14 19:17:37.403000 querying health...
INFO:root:2017-05-14 19:17:37.424000 player running...
INFO:root:2017-05-14 19:22:37.457000 querying health...
INFO:root:2017-05-14 19:22:37.464000 player running...
INFO:root:2017-05-14 19:27:37.548000 querying health...
INFO:root:2017-05-14 19:27:37.554000 player running...
INFO:root:2017-05-14 22:00:21.074000 getting initial data...
INFO:root:2017-05-14 22:00:23.457000 Instance of vlc_player started
INFO:root:2017-05-14 22:00:23.560000 player running...
INFO:root:2017-05-14 22:02:05.880000 getting initial data...
INFO:root:2017-05-14 22:02:07.974000 Instance of vlc_player started
INFO:root:2017-05-14 22:02:37.310000 getting initial data...
INFO:root:2017-05-14 22:02:39.432000 Instance of vlc_player started
INFO:root:2017-05-14 22:12:16.161000 getting initial data...
INFO:root:2017-05-14 22:12:18.287000 Instance of vlc_player started
INFO:root:2017-05-14 22:12:18.500000 player running...
INFO:root:2017-05-14 22:17:38.009000 getting initial data...
INFO:root:2017-05-14 22:17:41.175000 Instance of vlc_player started
INFO:root:2017-05-14 22:17:41.894000 player running...
INFO:root:2017-05-14 22:18:46.799000 getting initial data...
INFO:root:2017-05-14 22:18:50.045000 Instance of vlc_player started
INFO:root:2017-05-14 22:18:50.793000 player running...
INFO:root:2017-05-14 22:19:37.117000 getting initial data...
INFO:root:2017-05-14 22:19:40.350000 Instance of vlc_player started
INFO:root:2017-05-14 22:19:41.134000 player running...
INFO:root:2017-05-14 22:20:42.009000 getting initial data...
INFO:root:2017-05-14 22:20:45.250000 Instance of vlc_player started
INFO:root:2017-05-14 22:20:46.034000 player running...
INFO:root:2017-05-14 22:23:07.034000 getting initial data...
INFO:root:2017-05-14 22:23:10.216000 Instance of vlc_player started
INFO:root:2017-05-14 22:23:10.978000 player running...
INFO:root:2017-05-14 22:24:46.828000 getting initial data...
INFO:root:2017-05-14 22:24:50.071000 Instance of vlc_player started
INFO:root:2017-05-14 22:24:50.843000 player running...
INFO:root:2017-05-14 22:25:46.729000 getting initial data...
INFO:root:2017-05-14 22:25:49.938000 Instance of vlc_player started
INFO:root:2017-05-14 22:25:50.722000 player running...
INFO:root:2017-05-14 22:26:30.318000 getting initial data...
INFO:root:2017-05-14 22:26:33.514000 Instance of vlc_player started
INFO:root:2017-05-14 22:26:39.296000 player running...
INFO:root:2017-05-14 22:41:40.603000 getting initial data...
INFO:root:2017-05-14 22:41:43.803000 Instance of vlc_player started
INFO:root:2017-05-14 22:41:49.591000 player running...
INFO:root:2017-05-14 22:42:54.640000 getting initial data...
INFO:root:2017-05-14 22:42:57.887000 Instance of vlc_player started
INFO:root:2017-05-14 22:43:03.634000 player running...
INFO:root:2017-05-27 13:29:51.226000 Instance of vlc_player started
INFO:root:2017-05-27 13:29:51.314000 uploading health data...
INFO:root:2017-05-27 13:29:52.555000 Upload successful
INFO:root:2017-05-27 13:30:22.795000 uploading health data...
INFO:root:2017-05-27 13:30:23.866000 Upload successful
INFO:root:2017-05-27 13:30:54.078000 uploading health data...
INFO:root:2017-05-27 13:30:55.111000 Upload successful
INFO:root:2017-05-27 13:31:01.153000 No updates
INFO:root:2017-05-27 13:31:31.373000 uploading health data...
INFO:root:2017-05-27 13:31:32.435000 Upload successful
INFO:root:2017-05-27 13:32:02.620000 uploading health data...
INFO:root:2017-05-27 13:32:03.666000 Upload successful
INFO:root:2017-05-27 13:32:09.729000 No updates
INFO:root:2017-05-27 13:32:39.977000 uploading health data...
INFO:root:2017-05-27 13:32:41.055000 Upload successful
INFO:root:2017-05-27 13:33:11.241000 uploading health data...
INFO:root:2017-05-27 13:33:12.309000 Upload successful
INFO:root:2017-05-27 13:33:18.378000 No updates
INFO:root:2017-05-27 13:33:31.359000 querying health...
INFO:root:2017-05-27 13:33:31.402000 Instance of vlc_player started
INFO:root:2017-05-27 13:33:31.438000 uploading health data...
INFO:root:2017-05-27 13:33:32.504000 Upload successful
INFO:root:2017-05-27 13:34:23.324000 Instance of vlc_player started
INFO:root:2017-05-27 13:34:23.346000 querying health...
INFO:root:2017-05-27 13:34:23.427000 uploading health data...
INFO:root:2017-05-27 13:34:24.495000 Upload successful
INFO:root:2017-05-27 13:34:29.497000 querying health...
INFO:root:2017-05-27 13:34:34.594000 querying health...
INFO:root:2017-05-27 13:34:39.680000 querying health...
INFO:root:2017-05-27 13:34:44.755000 querying health...
INFO:root:2017-05-27 13:34:49.857000 querying health...
INFO:root:2017-05-27 13:34:54.914000 querying health...
INFO:root:2017-05-27 13:34:55.006000 uploading health data...
INFO:root:2017-05-27 13:34:56.048000 Upload successful
INFO:root:2017-05-27 13:35:01.050000 querying health...
INFO:root:2017-05-27 13:35:06.137000 querying health...
INFO:root:2017-05-27 13:35:11.216000 querying health...
INFO:root:2017-05-27 13:35:16.273000 querying health...
INFO:root:2017-05-27 13:35:21.369000 querying health...
INFO:root:2017-05-27 13:35:26.469000 querying health...
INFO:root:2017-05-27 13:35:26.545000 uploading health data...
INFO:root:2017-05-27 13:35:27.614000 Upload successful
INFO:root:2017-05-27 13:35:28.637000 No updates
INFO:root:2017-05-27 13:35:33.642000 querying health...
INFO:root:2017-05-27 13:35:38.746000 querying health...
INFO:root:2017-05-27 13:35:43.799000 querying health...
INFO:root:2017-05-27 13:35:48.865000 querying health...
INFO:root:2017-05-27 13:35:53.952000 querying health...
INFO:root:2017-05-27 13:35:59.047000 querying health...
INFO:root:2017-05-27 13:35:59.111000 uploading health data...
INFO:root:2017-05-27 13:36:00.189000 Upload successful
INFO:root:2017-05-27 13:36:05.193000 querying health...
INFO:root:2017-05-27 13:36:12.059000 Instance of vlc_player started
INFO:root:2017-05-27 13:36:12.081000 querying health...
INFO:root:2017-05-27 13:36:12.166000 getting initial data...
INFO:root:2017-05-27 13:36:13.654000 uploading health data...
INFO:root:2017-05-27 13:36:14.714000 Upload successful
INFO:root:2017-05-27 13:36:19.718000 querying health...
INFO:root:2017-05-27 13:36:19.792000 getting initial data...
INFO:root:2017-05-27 13:36:25.829000 querying health...
INFO:root:2017-05-27 13:36:25.920000 getting initial data...
INFO:root:2017-05-27 13:36:31.948000 querying health...
INFO:root:2017-05-27 13:36:32.030000 getting initial data...
INFO:root:2017-05-27 13:36:38.073000 querying health...
INFO:root:2017-05-27 13:36:38.161000 getting initial data...
INFO:root:2017-05-27 13:36:44.189000 querying health...
INFO:root:2017-05-27 13:36:44.249000 getting initial data...
INFO:root:2017-05-27 13:36:50.289000 querying health...
INFO:root:2017-05-27 13:36:50.350000 getting initial data...
INFO:root:2017-05-27 13:36:51.407000 uploading health data...
INFO:root:2017-05-27 13:36:52.461000 Upload successful
INFO:root:2017-05-27 13:36:57.464000 querying health...
INFO:root:2017-05-27 13:36:57.540000 getting initial data...
INFO:root:2017-05-27 13:37:03.578000 querying health...
INFO:root:2017-05-27 13:37:03.675000 getting initial data...
INFO:root:2017-05-27 13:37:09.707000 querying health...
INFO:root:2017-05-27 13:37:09.779000 getting initial data...
INFO:root:2017-05-27 13:37:15.813000 querying health...
INFO:root:2017-05-27 13:37:15.879000 getting initial data...
INFO:root:2017-05-27 13:37:21.907000 querying health...
INFO:root:2017-05-27 13:37:22.003000 getting initial data...
INFO:root:2017-05-27 13:37:28.044000 querying health...
INFO:root:2017-05-27 13:37:28.131000 getting initial data...
INFO:root:2017-05-27 13:37:29.156000 uploading health data...
INFO:root:2017-05-27 13:37:30.204000 Upload successful
INFO:root:2017-05-27 13:37:31.211000 No updates
INFO:root:2017-05-27 13:37:36.214000 querying health...
INFO:root:2017-05-27 13:37:36.296000 getting initial data...
INFO:root:2017-05-27 13:37:42.333000 querying health...
INFO:root:2017-05-27 13:37:42.412000 getting initial data...
INFO:root:2017-05-27 13:37:48.445000 querying health...
INFO:root:2017-05-27 13:37:48.500000 getting initial data...
INFO:root:2017-05-27 13:37:54.547000 querying health...
INFO:root:2017-05-27 13:37:54.607000 getting initial data...
INFO:root:2017-05-27 13:38:00.624000 querying health...
INFO:root:2017-05-27 13:38:00.738000 getting initial data...
INFO:root:2017-05-27 13:38:06.773000 querying health...
INFO:root:2017-05-27 13:38:06.839000 getting initial data...
INFO:root:2017-05-27 13:38:07.863000 uploading health data...
INFO:root:2017-05-27 13:38:08.924000 Upload successful
INFO:root:2017-05-27 13:38:13.930000 querying health...
INFO:root:2017-05-27 13:38:14.001000 getting initial data...
INFO:root:2017-05-27 13:38:20.020000 querying health...
INFO:root:2017-05-27 13:38:20.120000 getting initial data...
INFO:root:2017-05-27 13:38:26.154000 querying health...
INFO:root:2017-05-27 13:38:26.232000 getting initial data...
INFO:root:2017-05-27 13:38:32.262000 querying health...
INFO:root:2017-05-27 13:38:32.329000 getting initial data...
INFO:root:2017-05-27 13:38:38.359000 querying health...
INFO:root:2017-05-27 13:38:38.450000 getting initial data...
INFO:root:2017-05-27 13:38:44.971000 querying health...
INFO:root:2017-05-27 13:38:45.063000 getting initial data...
INFO:root:2017-05-27 13:38:46.092000 uploading health data...
INFO:root:2017-05-27 13:38:47.161000 Upload successful
INFO:root:2017-05-27 13:38:48.180000 No updates
INFO:root:2017-05-27 13:38:53.181000 querying health...
INFO:root:2017-05-27 13:38:53.278000 getting initial data...
INFO:root:2017-05-27 13:38:59.314000 querying health...
INFO:root:2017-05-27 13:38:59.413000 getting initial data...
INFO:root:2017-05-27 13:39:06.448000 querying health...
INFO:root:2017-05-27 13:39:06.497000 getting initial data...
INFO:root:2017-05-27 13:39:12.538000 querying health...
INFO:root:2017-05-27 13:39:12.637000 getting initial data...
INFO:root:2017-05-27 13:39:18.672000 querying health...
INFO:root:2017-05-27 13:39:18.775000 getting initial data...
INFO:root:2017-05-27 13:39:24.812000 querying health...
INFO:root:2017-05-27 13:39:24.904000 getting initial data...
INFO:root:2017-05-27 13:39:25.941000 uploading health data...
INFO:root:2017-05-27 13:39:27.008000 Upload successful
INFO:root:2017-05-27 13:39:32.012000 querying health...
INFO:root:2017-05-27 13:39:32.101000 getting initial data...
INFO:root:2017-05-27 13:39:38.130000 querying health...
INFO:root:2017-05-27 13:39:38.247000 getting initial data...
INFO:root:2017-05-27 13:39:44.291000 querying health...
INFO:root:2017-05-27 13:39:44.348000 getting initial data...
INFO:root:2017-05-27 13:39:50.395000 querying health...
INFO:root:2017-05-27 13:39:50.460000 getting initial data...
INFO:root:2017-05-27 13:39:56.481000 querying health...
INFO:root:2017-05-27 13:39:56.570000 getting initial data...
INFO:root:2017-05-27 13:40:02.604000 querying health...
INFO:root:2017-05-27 13:40:02.659000 getting initial data...
INFO:root:2017-05-27 13:40:03.691000 uploading health data...
INFO:root:2017-05-27 13:40:04.764000 Upload successful
INFO:root:2017-05-27 13:40:05.790000 No updates
INFO:root:2017-05-27 13:40:10.792000 querying health...
INFO:root:2017-05-27 13:40:10.885000 getting initial data...
INFO:root:2017-05-27 13:40:16.925000 querying health...
INFO:root:2017-05-27 13:40:17.005000 getting initial data...
INFO:root:2017-05-27 13:40:23.038000 querying health...
INFO:root:2017-05-27 13:40:23.096000 getting initial data...
INFO:root:2017-05-27 13:40:29.797000 querying health...
INFO:root:2017-05-27 13:40:29.898000 getting initial data...
INFO:root:2017-05-27 13:40:35.932000 querying health...
INFO:root:2017-05-27 13:40:35.993000 getting initial data...
INFO:root:2017-05-27 13:40:42.029000 querying health...
INFO:root:2017-05-27 13:40:42.101000 getting initial data...
INFO:root:2017-05-27 13:40:43.126000 uploading health data...
INFO:root:2017-05-27 13:40:44.180000 Upload successful
INFO:root:2017-05-27 13:40:49.188000 querying health...
INFO:root:2017-05-27 13:40:49.250000 getting initial data...
INFO:root:2017-05-27 13:40:55.278000 querying health...
INFO:root:2017-05-27 13:40:55.375000 getting initial data...
INFO:root:2017-05-27 13:41:01.412000 querying health...
INFO:root:2017-05-27 13:41:01.515000 getting initial data...
INFO:root:2017-05-27 13:41:07.548000 querying health...
INFO:root:2017-05-27 13:41:07.650000 getting initial data...
INFO:root:2017-05-27 13:41:13.687000 querying health...
INFO:root:2017-05-27 13:41:13.778000 getting initial data...
INFO:root:2017-05-27 13:41:19.807000 querying health...
INFO:root:2017-05-27 13:41:19.883000 getting initial data...
INFO:root:2017-05-27 13:41:20.919000 uploading health data...
INFO:root:2017-05-27 13:41:21.992000 Upload successful
INFO:root:2017-05-27 13:41:23.021000 No updates
INFO:root:2017-05-27 13:41:28.023000 querying health...
INFO:root:2017-05-27 13:41:28.112000 getting initial data...
INFO:root:2017-05-27 13:41:34.146000 querying health...
INFO:root:2017-05-27 13:41:34.224000 getting initial data...
INFO:root:2017-05-27 13:41:40.262000 querying health...
INFO:root:2017-05-27 13:41:40.331000 getting initial data...
INFO:root:2017-05-27 13:41:46.353000 querying health...
INFO:root:2017-05-27 13:41:46.433000 getting initial data...
INFO:root:2017-05-27 13:41:52.466000 querying health...
INFO:root:2017-05-27 13:41:52.558000 getting initial data...
INFO:root:2017-05-27 13:41:58.603000 querying health...
INFO:root:2017-05-27 13:41:58.698000 getting initial data...
INFO:root:2017-05-27 13:41:59.727000 uploading health data...
INFO:root:2017-05-27 13:42:00.796000 Upload successful
INFO:root:2017-05-27 13:42:05.804000 querying health...
INFO:root:2017-05-27 13:42:05.900000 getting initial data...
INFO:root:2017-05-27 13:42:11.934000 querying health...
INFO:root:2017-05-27 13:42:12.042000 getting initial data...
INFO:root:2017-05-27 13:42:18.079000 querying health...
INFO:root:2017-05-27 13:42:18.190000 getting initial data...
INFO:root:2017-05-27 13:42:24.222000 querying health...
INFO:root:2017-05-27 13:42:24.319000 getting initial data...
INFO:root:2017-05-27 13:42:30.353000 querying health...
INFO:root:2017-05-27 13:42:30.427000 getting initial data...
INFO:root:2017-05-27 13:42:36.451000 querying health...
INFO:root:2017-05-27 13:42:36.502000 getting initial data...
INFO:root:2017-05-27 13:42:37.542000 uploading health data...
INFO:root:2017-05-27 13:42:38.617000 Upload successful
INFO:root:2017-05-27 13:42:39.639000 No updates
INFO:root:2017-05-27 13:42:44.640000 querying health...
INFO:root:2017-05-27 13:42:44.691000 getting initial data...
INFO:root:2017-05-27 13:42:50.723000 querying health...
INFO:root:2017-05-27 13:42:50.832000 getting initial data...
INFO:root:2017-05-27 13:42:56.873000 querying health...
INFO:root:2017-05-27 13:42:56.974000 getting initial data...
INFO:root:2017-05-27 13:43:03.010000 querying health...
INFO:root:2017-05-27 13:43:03.131000 getting initial data...
INFO:root:2017-05-27 13:43:09.241000 querying health...
INFO:root:2017-05-27 13:43:09.339000 getting initial data...
INFO:root:2017-05-27 13:43:15.378000 querying health...
INFO:root:2017-05-27 13:43:15.526000 getting initial data...
INFO:root:2017-05-27 13:43:16.559000 uploading health data...
INFO:root:2017-05-27 13:43:17.603000 Upload successful
INFO:root:2017-05-27 13:43:22.610000 querying health...
INFO:root:2017-05-27 13:43:22.735000 getting initial data...
INFO:root:2017-05-27 13:43:28.782000 querying health...
INFO:root:2017-05-27 13:43:28.850000 getting initial data...
INFO:root:2017-05-27 13:43:34.882000 querying health...
INFO:root:2017-05-27 13:43:34.996000 getting initial data...
INFO:root:2017-05-27 13:43:41.037000 querying health...
INFO:root:2017-05-27 13:43:41.104000 getting initial data...
INFO:root:2017-05-27 13:43:47.134000 querying health...
INFO:root:2017-05-27 13:43:47.240000 getting initial data...
INFO:root:2017-05-27 13:43:53.276000 querying health...
INFO:root:2017-05-27 13:43:53.403000 getting initial data...
INFO:root:2017-05-27 13:43:54.439000 uploading health data...
INFO:root:2017-05-27 13:43:55.506000 Upload successful
INFO:root:2017-05-27 13:43:56.533000 No updates
INFO:root:2017-05-27 13:44:01.537000 querying health...
INFO:root:2017-05-27 13:44:01.658000 getting initial data...
INFO:root:2017-05-27 13:44:07.699000 querying health...
INFO:root:2017-05-27 13:44:07.818000 getting initial data...
INFO:root:2017-05-27 13:44:13.852000 querying health...
INFO:root:2017-05-27 13:44:13.910000 getting initial data...
INFO:root:2017-05-27 13:44:19.938000 querying health...
INFO:root:2017-05-27 13:44:20.052000 getting initial data...
INFO:root:2017-05-27 13:44:26.089000 querying health...
INFO:root:2017-05-27 13:44:26.175000 getting initial data...
INFO:root:2017-05-27 13:44:32.207000 querying health...
INFO:root:2017-05-27 13:44:32.303000 getting initial data...
INFO:root:2017-05-27 13:44:33.344000 uploading health data...
INFO:root:2017-05-27 13:44:34.394000 Upload successful
INFO:root:2017-05-27 13:44:39.396000 querying health...
INFO:root:2017-05-27 13:44:39.477000 getting initial data...
INFO:root:2017-05-27 13:44:45.510000 querying health...
INFO:root:2017-05-27 13:44:45.573000 getting initial data...
INFO:root:2017-05-27 13:44:51.608000 querying health...
INFO:root:2017-05-27 13:44:51.704000 getting initial data...
INFO:root:2017-05-27 13:44:57.743000 querying health...
INFO:root:2017-05-27 13:44:57.823000 getting initial data...
INFO:root:2017-05-27 13:45:03.841000 querying health...
INFO:root:2017-05-27 13:45:03.916000 getting initial data...
INFO:root:2017-05-27 13:45:09.951000 querying health...
INFO:root:2017-05-27 13:45:10.060000 getting initial data...
INFO:root:2017-05-27 13:45:11.093000 uploading health data...
INFO:root:2017-05-27 13:45:12.137000 Upload successful
INFO:root:2017-05-27 13:45:13.158000 No updates
INFO:root:2017-05-27 13:45:18.161000 querying health...
INFO:root:2017-05-27 13:45:18.225000 getting initial data...
INFO:root:2017-05-27 13:45:24.262000 querying health...
INFO:root:2017-05-27 13:45:24.363000 getting initial data...
INFO:root:2017-05-27 13:45:30.403000 querying health...
INFO:root:2017-05-27 13:45:30.459000 getting initial data...
INFO:root:2017-05-27 13:45:36.496000 querying health...
INFO:root:2017-05-27 13:45:36.604000 getting initial data...
INFO:root:2017-05-27 13:45:42.639000 querying health...
INFO:root:2017-05-27 13:45:42.690000 getting initial data...
INFO:root:2017-05-27 13:45:48.729000 querying health...
INFO:root:2017-05-27 13:45:48.826000 getting initial data...
INFO:root:2017-05-27 13:45:49.845000 uploading health data...
INFO:root:2017-05-27 13:45:50.866000 Upload successful
INFO:root:2017-05-27 13:45:55.867000 querying health...
INFO:root:2017-05-27 13:45:55.927000 getting initial data...
INFO:root:2017-05-27 13:46:01.967000 querying health...
INFO:root:2017-05-27 13:46:02.048000 getting initial data...
INFO:root:2017-05-27 13:46:08.085000 querying health...
INFO:root:2017-05-27 13:46:08.196000 getting initial data...
INFO:root:2017-05-27 13:46:14.231000 querying health...
INFO:root:2017-05-27 13:46:14.331000 getting initial data...
INFO:root:2017-05-27 13:46:20.477000 querying health...
INFO:root:2017-05-27 13:46:20.662000 getting initial data...
INFO:root:2017-05-27 13:46:26.701000 querying health...
INFO:root:2017-05-27 13:46:26.778000 getting initial data...
INFO:root:2017-05-27 13:46:27.817000 uploading health data...
INFO:root:2017-05-27 13:46:28.884000 Upload successful
INFO:root:2017-05-27 13:46:29.912000 No updates
INFO:root:2017-05-27 13:46:34.918000 querying health...
INFO:root:2017-05-27 13:46:35.023000 getting initial data...
INFO:root:2017-05-27 13:46:41.060000 querying health...
INFO:root:2017-05-27 13:46:41.239000 getting initial data...
INFO:root:2017-05-27 13:46:47.269000 querying health...
INFO:root:2017-05-27 13:46:47.378000 getting initial data...
INFO:root:2017-05-27 13:46:53.409000 querying health...
INFO:root:2017-05-27 13:46:53.533000 getting initial data...
INFO:root:2017-05-27 13:46:59.567000 querying health...
INFO:root:2017-05-27 13:46:59.630000 getting initial data...
INFO:root:2017-05-27 13:47:05.677000 querying health...
INFO:root:2017-05-27 13:47:05.775000 getting initial data...
INFO:root:2017-05-27 13:47:06.815000 uploading health data...
INFO:root:2017-05-27 13:47:07.891000 Upload successful
INFO:root:2017-05-27 13:47:12.891000 querying health...
INFO:root:2017-05-27 13:47:12.988000 getting initial data...
INFO:root:2017-05-27 13:47:19.021000 querying health...
INFO:root:2017-05-27 13:47:19.131000 getting initial data...
INFO:root:2017-05-27 13:47:25.161000 querying health...
INFO:root:2017-05-27 13:47:25.227000 getting initial data...
INFO:root:2017-05-27 13:47:31.266000 querying health...
INFO:root:2017-05-27 13:47:31.377000 getting initial data...
INFO:root:2017-05-27 13:47:37.413000 querying health...
INFO:root:2017-05-27 13:47:37.510000 getting initial data...
INFO:root:2017-05-27 13:47:43.546000 querying health...
INFO:root:2017-05-27 13:47:43.634000 getting initial data...
INFO:root:2017-05-27 13:47:44.662000 uploading health data...
INFO:root:2017-05-27 13:47:45.727000 Upload successful
INFO:root:2017-05-27 13:47:46.755000 No updates
INFO:root:2017-05-27 13:47:51.770000 querying health...
INFO:root:2017-05-27 13:47:51.856000 getting initial data...
INFO:root:2017-05-27 13:47:57.878000 querying health...
INFO:root:2017-05-27 13:47:57.971000 getting initial data...
INFO:root:2017-05-27 13:48:04.013000 querying health...
INFO:root:2017-05-27 13:48:04.093000 getting initial data...
INFO:root:2017-05-27 13:48:10.127000 querying health...
INFO:root:2017-05-27 13:48:10.179000 getting initial data...
INFO:root:2017-05-27 13:48:16.225000 querying health...
INFO:root:2017-05-27 13:48:16.320000 getting initial data...
INFO:root:2017-05-27 13:48:22.359000 querying health...
INFO:root:2017-05-27 13:48:22.466000 getting initial data...
INFO:root:2017-05-27 13:48:23.500000 uploading health data...
INFO:root:2017-05-27 13:48:24.538000 Upload successful
INFO:root:2017-05-27 13:48:29.541000 querying health...
INFO:root:2017-05-27 13:48:29.628000 getting initial data...
INFO:root:2017-05-27 13:48:35.666000 querying health...
INFO:root:2017-05-27 13:48:35.743000 getting initial data...
INFO:root:2017-05-27 13:48:41.782000 querying health...
INFO:root:2017-05-27 13:48:41.868000 getting initial data...
INFO:root:2017-05-27 13:48:47.904000 querying health...
INFO:root:2017-05-27 13:48:47.967000 getting initial data...
INFO:root:2017-05-27 13:48:54.003000 querying health...
INFO:root:2017-05-27 13:48:54.103000 getting initial data...
INFO:root:2017-05-27 13:49:00.122000 querying health...
INFO:root:2017-05-27 13:49:00.222000 getting initial data...
INFO:root:2017-05-27 13:49:01.247000 uploading health data...
INFO:root:2017-05-27 13:49:02.310000 Upload successful
INFO:root:2017-05-27 13:49:03.334000 No updates
INFO:root:2017-05-27 13:49:08.337000 querying health...
INFO:root:2017-05-27 13:49:08.397000 getting initial data...
INFO:root:2017-05-27 13:49:14.416000 querying health...
INFO:root:2017-05-27 13:49:14.533000 getting initial data...
INFO:root:2017-05-27 13:49:21.694000 querying health...
INFO:root:2017-05-27 13:49:31.962000 querying health...
INFO:root:2017-05-27 13:49:42.212000 querying health...
INFO:root:2017-05-27 13:49:52.415000 querying health...
INFO:root:2017-05-27 13:49:57.636000 uploading health data...
INFO:root:2017-05-27 13:49:58.700000 Upload successful
INFO:root:2017-05-27 13:50:03.708000 querying health...
INFO:root:2017-05-27 13:50:13.917000 querying health...
INFO:root:2017-05-27 13:50:24.117000 querying health...
INFO:root:2017-05-27 13:50:34.334000 querying health...
INFO:root:2017-05-27 13:50:44.585000 querying health...
INFO:root:2017-05-27 13:50:54.827000 querying health...
INFO:root:2017-05-27 13:51:00.057000 uploading health data...
INFO:root:2017-05-27 13:51:01.116000 Upload successful
INFO:root:2017-05-27 13:51:02.141000 No updates
INFO:root:2017-05-27 13:51:07.147000 querying health...
INFO:root:2017-05-27 13:51:17.381000 querying health...
INFO:root:2017-05-27 13:51:19.274000 Instance of vlc_player started
INFO:root:2017-05-27 13:51:19.298000 querying health...
INFO:root:2017-05-27 13:51:19.422000 getting initial data...
INFO:root:2017-05-27 13:51:21.556000 uploading health data...
INFO:root:2017-05-27 13:51:22.602000 Upload successful
INFO:root:2017-05-27 13:51:27.604000 querying health...
INFO:root:2017-05-27 13:51:37.838000 querying health...
INFO:root:2017-05-27 13:51:48.045000 querying health...
INFO:root:2017-05-27 13:51:58.303000 querying health...
INFO:root:2017-05-27 13:52:08.504000 querying health...
INFO:root:2017-05-27 13:52:18.741000 querying health...
INFO:root:2017-05-27 13:52:23.963000 uploading health data...
INFO:root:2017-05-27 13:52:25.030000 Upload successful
INFO:root:2017-05-27 13:52:30.034000 querying health...
INFO:root:2017-05-27 13:52:40.249000 querying health...
INFO:root:2017-05-27 13:52:50.506000 querying health...
INFO:root:2017-05-27 13:53:00.757000 querying health...
INFO:root:2017-05-27 13:53:10.991000 querying health...
INFO:root:2017-05-27 13:53:21.204000 querying health...
INFO:root:2017-05-27 13:53:26.413000 uploading health data...
INFO:root:2017-05-27 13:53:27.474000 Upload successful
INFO:root:2017-05-27 13:53:28.502000 No updates
INFO:root:2017-05-27 13:53:33.507000 querying health...
INFO:root:2017-05-27 13:53:43.729000 querying health...
INFO:root:2017-05-27 13:53:53.948000 querying health...
INFO:root:2017-05-27 13:54:04.180000 querying health...
INFO:root:2017-05-27 13:54:14.408000 querying health...
INFO:root:2017-05-27 13:54:24.642000 querying health...
INFO:root:2017-05-27 13:54:29.870000 uploading health data...
INFO:root:2017-05-27 13:54:30.942000 Upload successful
INFO:root:2017-05-27 13:54:35.949000 querying health...
INFO:root:2017-05-27 13:54:46.190000 querying health...
INFO:root:2017-05-27 13:54:56.389000 querying health...
INFO:root:2017-05-27 13:55:06.636000 querying health...
INFO:root:2017-05-27 13:55:16.866000 querying health...
INFO:root:2017-05-27 13:59:48.179000 Instance of vlc_player started
INFO:root:2017-05-27 13:59:48.199000 querying health...
INFO:root:2017-05-27 13:59:48.303000 getting initial data...
INFO:root:2017-05-27 13:59:55.536000 uploading health data...
INFO:root:2017-05-27 13:59:56.607000 Upload successful
INFO:root:2017-05-27 14:00:01.611000 querying health...
INFO:root:2017-05-27 14:00:11.832000 querying health...
INFO:root:2017-05-27 14:00:22.064000 querying health...
INFO:root:2017-05-27 14:02:30.403000 Instance of vlc_player started
INFO:root:2017-05-27 14:02:30.428000 querying health...
INFO:root:2017-05-27 14:02:30.514000 getting initial data...
INFO:root:2017-05-27 14:02:37.870000 uploading health data...
INFO:root:2017-05-27 14:02:38.945000 Upload successful
INFO:root:2017-05-27 14:02:43.949000 querying health...
INFO:root:2017-05-27 14:02:49.069000 querying health...
INFO:root:2017-05-27 14:02:54.191000 querying health...
INFO:root:2017-05-27 14:02:59.339000 querying health...
INFO:root:2017-05-27 14:03:04.466000 querying health...
INFO:root:2017-05-27 14:03:09.573000 querying health...
INFO:root:2017-05-27 14:03:09.680000 uploading health data...
INFO:root:2017-05-27 14:03:10.711000 Upload successful
INFO:root:2017-05-27 14:03:15.715000 querying health...
INFO:root:2017-05-27 14:03:20.838000 querying health...
INFO:root:2017-05-27 14:03:25.936000 querying health...
INFO:root:2017-05-27 14:03:31.042000 querying health...
INFO:root:2017-05-27 14:03:36.170000 querying health...
INFO:root:2017-05-27 14:03:41.284000 querying health...
INFO:root:2017-05-27 14:03:41.397000 uploading health data...
INFO:root:2017-05-27 14:03:42.453000 Upload successful
INFO:root:2017-05-27 14:03:43.474000 No updates
INFO:root:2017-05-27 14:03:48.479000 querying health...
INFO:root:2017-05-27 14:03:53.568000 querying health...
INFO:root:2017-05-27 14:03:58.676000 querying health...
INFO:root:2017-05-27 14:04:03.793000 querying health...
INFO:root:2017-05-27 14:04:08.913000 querying health...
INFO:root:2017-05-27 14:04:14.013000 querying health...
INFO:root:2017-05-27 14:04:14.136000 uploading health data...
INFO:root:2017-05-27 14:04:15.199000 Upload successful
INFO:root:2017-05-27 14:04:20.203000 querying health...
INFO:root:2017-05-27 14:04:25.329000 querying health...
INFO:root:2017-05-27 14:04:30.454000 querying health...
INFO:root:2017-05-27 14:04:35.573000 querying health...
INFO:root:2017-05-27 14:04:40.697000 querying health...
INFO:root:2017-05-27 14:04:45.814000 querying health...
INFO:root:2017-05-27 14:04:45.941000 uploading health data...
INFO:root:2017-05-27 14:04:47.009000 Upload successful
INFO:root:2017-05-27 14:04:48.031000 No updates
INFO:root:2017-05-27 14:04:53.035000 querying health...
INFO:root:2017-05-27 14:04:58.154000 querying health...
INFO:root:2017-05-27 14:05:03.281000 querying health...
INFO:root:2017-05-27 14:05:08.480000 querying health...
INFO:root:2017-05-27 14:05:13.566000 querying health...
INFO:root:2017-05-27 14:05:18.688000 querying health...
INFO:root:2017-05-27 14:05:18.813000 uploading health data...
INFO:root:2017-05-27 14:05:19.890000 Upload successful
INFO:root:2017-05-27 14:05:24.890000 querying health...
INFO:root:2017-05-27 14:05:29.985000 querying health...
INFO:root:2017-05-27 14:05:35.109000 querying health...
INFO:root:2017-05-27 14:05:40.233000 querying health...
INFO:root:2017-05-27 14:05:45.317000 querying health...
INFO:root:2017-05-27 14:05:50.459000 querying health...
INFO:root:2017-05-27 14:05:50.587000 uploading health data...
INFO:root:2017-05-27 14:05:51.648000 Upload successful
INFO:root:2017-05-27 14:05:52.675000 No updates
INFO:root:2017-05-27 14:05:57.679000 querying health...
INFO:root:2017-05-27 14:06:02.796000 querying health...
INFO:root:2017-05-27 14:06:07.888000 querying health...
INFO:root:2017-05-27 14:06:13.013000 querying health...
INFO:root:2017-05-27 14:06:18.128000 querying health...
INFO:root:2017-05-27 14:06:23.244000 querying health...
INFO:root:2017-05-27 14:06:23.349000 uploading health data...
INFO:root:2017-05-27 14:06:24.409000 Upload successful
INFO:root:2017-05-27 14:06:29.415000 querying health...
INFO:root:2017-05-27 14:06:34.526000 querying health...
INFO:root:2017-05-27 14:06:39.648000 querying health...
INFO:root:2017-05-27 14:06:44.766000 querying health...
INFO:root:2017-05-27 14:06:49.892000 querying health...
INFO:root:2017-05-27 14:06:54.987000 querying health...
INFO:root:2017-05-27 14:06:55.102000 uploading health data...
INFO:root:2017-05-27 14:06:56.168000 Upload successful
INFO:root:2017-05-27 14:06:57.190000 No updates
INFO:root:2017-05-27 14:07:02.195000 querying health...
INFO:root:2017-05-27 14:07:07.287000 querying health...
INFO:root:2017-05-27 14:07:12.408000 querying health...
INFO:root:2017-05-27 14:07:17.503000 querying health...
INFO:root:2017-05-27 14:07:22.628000 querying health...
INFO:root:2017-05-27 14:07:27.752000 querying health...
INFO:root:2017-05-27 14:07:27.869000 uploading health data...
INFO:root:2017-05-27 14:07:28.909000 Upload successful
INFO:root:2017-05-27 14:07:33.914000 querying health...
INFO:root:2017-05-27 14:07:39.031000 querying health...
INFO:root:2017-05-27 14:07:44.151000 querying health...
INFO:root:2017-05-27 14:07:49.241000 querying health...
INFO:root:2017-05-27 14:07:54.364000 querying health...
INFO:root:2017-05-27 14:07:59.477000 querying health...
INFO:root:2017-05-27 14:07:59.593000 uploading health data...
INFO:root:2017-05-27 14:08:00.664000 Upload successful
INFO:root:2017-05-27 14:08:01.686000 No updates
INFO:root:2017-05-27 14:08:06.694000 querying health...
INFO:root:2017-05-27 14:08:11.829000 querying health...
INFO:root:2017-05-27 14:08:16.959000 querying health...
INFO:root:2017-05-27 14:08:22.080000 querying health...
INFO:root:2017-05-27 14:08:27.165000 querying health...
INFO:root:2017-05-27 14:08:32.278000 querying health...
INFO:root:2017-05-27 14:08:32.395000 uploading health data...
INFO:root:2017-05-27 14:08:33.453000 Upload successful
INFO:root:2017-05-27 14:08:38.456000 querying health...
INFO:root:2017-05-27 14:08:43.561000 querying health...
INFO:root:2017-05-27 14:08:48.671000 querying health...
INFO:root:2017-05-27 14:08:53.757000 querying health...
INFO:root:2017-05-27 14:08:58.872000 querying health...
INFO:root:2017-05-27 14:09:03.994000 querying health...
INFO:root:2017-05-27 14:09:04.110000 uploading health data...
INFO:root:2017-05-27 14:09:05.179000 Upload successful
INFO:root:2017-05-27 14:09:06.205000 No updates
INFO:root:2017-05-27 14:09:11.212000 querying health...
INFO:root:2017-05-27 14:09:16.302000 querying health...
INFO:root:2017-05-27 14:09:21.436000 querying health...
INFO:root:2017-05-27 14:09:26.568000 querying health...
INFO:root:2017-05-27 14:09:31.692000 querying health...
INFO:root:2017-05-27 14:09:36.812000 querying health...
INFO:root:2017-05-27 14:09:36.934000 uploading health data...
INFO:root:2017-05-27 14:09:37.996000 Upload successful
INFO:root:2017-05-27 14:09:43.002000 querying health...
INFO:root:2017-05-27 14:09:48.117000 querying health...
INFO:root:2017-05-27 14:09:53.245000 querying health...
INFO:root:2017-05-27 14:09:58.367000 querying health...
INFO:root:2017-05-27 14:10:03.466000 querying health...
INFO:root:2017-05-27 14:10:08.553000 querying health...
INFO:root:2017-05-27 14:10:08.660000 uploading health data...
INFO:root:2017-05-27 14:10:09.708000 Upload successful
INFO:root:2017-05-27 14:10:10.732000 No updates
INFO:root:2017-05-27 14:10:15.738000 querying health...
INFO:root:2017-05-27 14:10:20.863000 querying health...
INFO:root:2017-05-27 14:10:25.999000 querying health...
INFO:root:2017-05-27 14:10:31.122000 querying health...
INFO:root:2017-05-27 14:10:36.213000 querying health...
INFO:root:2017-05-27 14:10:41.313000 querying health...
INFO:root:2017-05-27 14:10:41.421000 uploading health data...
INFO:root:2017-05-27 14:10:42.460000 Upload successful
INFO:root:2017-05-27 14:10:47.465000 querying health...
INFO:root:2017-05-27 14:10:52.584000 querying health...
INFO:root:2017-05-27 14:10:57.716000 querying health...
INFO:root:2017-05-27 14:11:02.849000 querying health...
INFO:root:2017-05-27 14:11:07.956000 querying health...
INFO:root:2017-05-27 14:11:13.088000 querying health...
INFO:root:2017-05-27 14:11:13.207000 uploading health data...
INFO:root:2017-05-27 14:11:14.240000 Upload successful
INFO:root:2017-05-27 14:11:15.254000 No updates
INFO:root:2017-05-27 14:11:20.260000 querying health...
INFO:root:2017-05-27 14:11:25.359000 querying health...
INFO:root:2017-05-27 14:11:30.482000 querying health...
INFO:root:2017-05-27 14:11:35.593000 querying health...
INFO:root:2017-05-27 14:11:40.712000 querying health...
INFO:root:2017-05-27 14:11:45.804000 querying health...
INFO:root:2017-05-27 14:11:45.942000 uploading health data...
INFO:root:2017-05-27 14:11:46.983000 Upload successful
INFO:root:2017-05-27 14:11:51.988000 querying health...
INFO:root:2017-05-27 14:11:57.096000 querying health...
INFO:root:2017-05-27 14:12:02.215000 querying health...
INFO:root:2017-05-27 14:12:07.335000 querying health...
INFO:root:2017-05-27 14:12:12.459000 querying health...
INFO:root:2017-05-27 14:12:17.606000 querying health...
INFO:root:2017-05-27 14:12:17.718000 uploading health data...
INFO:root:2017-05-27 14:12:18.768000 Upload successful
INFO:root:2017-05-27 14:12:19.794000 No updates
INFO:root:2017-05-27 14:12:24.798000 querying health...
INFO:root:2017-05-27 14:12:29.911000 querying health...
INFO:root:2017-05-27 14:12:35.055000 querying health...
INFO:root:2017-05-27 14:12:40.156000 querying health...
INFO:root:2017-05-27 14:12:45.274000 querying health...
INFO:root:2017-05-27 14:13:06.192000 Instance of vlc_player started
INFO:root:2017-05-27 14:13:06.223000 querying health...
INFO:root:2017-05-27 14:13:06.315000 getting initial data...
INFO:root:2017-05-27 14:13:14.972000 uploading health data...
INFO:root:2017-05-27 14:13:16.037000 Upload successful
INFO:root:2017-05-27 14:13:21.041000 querying health...
INFO:root:2017-05-27 14:13:26.178000 querying health...
INFO:root:2017-05-27 14:13:31.303000 querying health...
INFO:root:2017-05-27 14:13:36.463000 querying health...
INFO:root:2017-05-27 14:13:41.589000 querying health...
INFO:root:2017-05-27 14:13:46.715000 querying health...
INFO:root:2017-05-27 14:13:46.820000 uploading health data...
INFO:root:2017-05-27 14:13:47.886000 Upload successful
INFO:root:2017-05-27 14:13:52.888000 querying health...
INFO:root:2017-05-27 14:13:58.010000 querying health...
INFO:root:2017-05-27 14:14:03.144000 querying health...
INFO:root:2017-05-27 14:14:08.280000 querying health...
INFO:root:2017-05-27 14:14:13.403000 querying health...
INFO:root:2017-05-27 14:14:18.523000 querying health...
INFO:root:2017-05-27 14:14:18.648000 uploading health data...
INFO:root:2017-05-27 14:14:19.707000 Upload successful
INFO:root:2017-05-27 14:17:38.996000 Instance of vlc_player started
INFO:root:2017-05-27 14:17:39.022000 querying health...
INFO:root:2017-05-27 14:17:39.091000 getting initial data...
INFO:root:2017-05-27 14:17:48.992000 uploading health data...
INFO:root:2017-05-27 14:17:50.075000 Upload successful
INFO:root:2017-05-27 14:17:55.079000 querying health...
INFO:root:2017-05-27 14:18:00.192000 querying health...
INFO:root:2017-05-27 14:18:05.284000 querying health...
INFO:root:2017-05-27 14:18:10.386000 querying health...
INFO:root:2017-05-27 14:18:15.506000 querying health...
INFO:root:2017-05-27 14:18:20.628000 querying health...
INFO:root:2017-05-27 14:18:20.743000 uploading health data...
INFO:root:2017-05-27 14:18:21.781000 Upload successful
INFO:root:2017-05-27 14:18:26.786000 querying health...
INFO:root:2017-05-27 14:18:31.952000 querying health...
INFO:root:2017-05-27 14:18:37.071000 querying health...
INFO:root:2017-05-27 14:18:42.184000 querying health...
INFO:root:2017-05-27 14:18:47.274000 querying health...
INFO:root:2017-05-27 14:18:52.405000 querying health...
INFO:root:2017-05-27 14:18:52.511000 uploading health data...
INFO:root:2017-05-27 14:18:53.580000 Upload successful
INFO:root:2017-05-27 14:27:55.873000 Instance of vlc_player started
INFO:root:2017-05-27 14:27:55.895000 querying health...
INFO:root:2017-05-27 14:27:55.973000 getting initial data...
INFO:root:2017-05-27 14:28:04.433000 uploading health data...
INFO:root:2017-05-27 14:28:05.485000 Upload successful
INFO:root:2017-05-27 14:28:10.490000 querying health...
INFO:root:2017-05-27 14:28:15.625000 querying health...
INFO:root:2017-05-27 14:28:20.713000 querying health...
INFO:root:2017-05-27 14:28:25.841000 querying health...
INFO:root:2017-05-27 14:28:30.962000 querying health...
INFO:root:2017-05-27 14:28:36.088000 querying health...
INFO:root:2017-05-27 14:28:36.211000 uploading health data...
INFO:root:2017-05-27 14:28:37.275000 Upload successful
INFO:root:2017-05-27 14:28:42.281000 querying health...
INFO:root:2017-05-27 14:28:47.399000 querying health...
INFO:root:2017-05-27 14:28:52.517000 querying health...
INFO:root:2017-05-27 14:28:57.650000 querying health...
INFO:root:2017-05-27 14:29:02.753000 querying health...
INFO:root:2017-05-27 14:29:07.863000 querying health...
INFO:root:2017-05-27 14:29:07.979000 uploading health data...
INFO:root:2017-05-27 14:29:09.026000 Upload successful
INFO:root:2017-05-27 14:29:10.055000 ad %s is currently playing
INFO:root:2017-05-27 14:31:19.199000 Instance of vlc_player started
INFO:root:2017-05-27 14:31:19.228000 querying health...
INFO:root:2017-05-27 14:31:19.371000 getting initial data...
INFO:root:2017-05-27 14:31:27.850000 uploading health data...
INFO:root:2017-05-27 14:31:28.884000 Upload successful
INFO:root:2017-05-27 14:31:33.887000 querying health...
INFO:root:2017-05-27 14:31:38.974000 querying health...
INFO:root:2017-05-27 14:31:44.065000 querying health...
INFO:root:2017-05-27 14:31:49.157000 querying health...
INFO:root:2017-05-27 14:31:54.253000 querying health...
INFO:root:2017-05-27 14:31:59.351000 querying health...
INFO:root:2017-05-27 14:31:59.454000 uploading health data...
INFO:root:2017-05-27 14:32:00.491000 Upload successful
INFO:root:2017-05-27 14:32:05.496000 querying health...
INFO:root:2017-05-27 14:32:10.601000 querying health...
INFO:root:2017-05-27 14:32:15.705000 querying health...
INFO:root:2017-05-27 14:32:20.798000 querying health...
INFO:root:2017-05-27 14:32:25.891000 querying health...
INFO:root:2017-05-27 14:32:30.979000 querying health...
INFO:root:2017-05-27 14:32:31.065000 uploading health data...
INFO:root:2017-05-27 14:32:32.101000 Upload successful
INFO:root:2017-05-27 14:32:33.117000 ad %s is currently playing
INFO:root:2017-05-27 14:34:19.456000 Instance of vlc_player started
INFO:root:2017-05-27 14:34:19.488000 querying health...
INFO:root:2017-05-27 14:34:19.614000 getting initial data...
INFO:root:2017-05-27 14:34:28.058000 uploading health data...
INFO:root:2017-05-27 14:34:29.094000 Upload successful
INFO:root:2017-05-27 14:34:34.096000 querying health...
INFO:root:2017-05-27 14:34:39.186000 querying health...
INFO:root:2017-05-27 14:34:44.270000 querying health...
INFO:root:2017-05-27 14:34:49.364000 querying health...
INFO:root:2017-05-27 14:34:54.464000 querying health...
INFO:root:2017-05-27 14:34:59.562000 querying health...
INFO:root:2017-05-27 14:34:59.645000 uploading health data...
INFO:root:2017-05-27 14:35:00.678000 Upload successful
INFO:root:2017-05-27 14:35:05.679000 querying health...
INFO:root:2017-05-27 14:35:10.764000 querying health...
INFO:root:2017-05-27 14:35:15.860000 querying health...
INFO:root:2017-05-27 14:35:20.959000 querying health...
INFO:root:2017-05-27 14:35:26.047000 querying health...
INFO:root:2017-05-27 14:35:31.138000 querying health...
INFO:root:2017-05-27 14:35:31.233000 uploading health data...
INFO:root:2017-05-27 14:35:32.267000 Upload successful
INFO:root:2017-05-27 14:35:33.279000 ad %s is currently playing
INFO:root:2017-05-27 14:41:27.411000 Instance of vlc_player started
INFO:root:2017-05-27 14:41:27.446000 querying health...
INFO:root:2017-05-27 14:41:27.554000 getting initial data...
INFO:root:2017-05-27 14:41:36.177000 uploading health data...
INFO:root:2017-05-27 14:41:37.222000 Upload successful
INFO:root:2017-05-27 14:41:42.225000 querying health...
INFO:root:2017-05-27 14:41:47.348000 querying health...
INFO:root:2017-05-27 14:41:52.439000 querying health...
INFO:root:2017-05-27 14:41:57.528000 querying health...
INFO:root:2017-05-27 14:42:02.620000 querying health...
INFO:root:2017-05-27 14:42:07.706000 querying health...
INFO:root:2017-05-27 14:42:07.786000 uploading health data...
INFO:root:2017-05-27 14:42:08.833000 Upload successful
INFO:root:2017-05-27 14:42:13.837000 querying health...
INFO:root:2017-05-27 14:42:18.939000 querying health...
INFO:root:2017-05-27 14:42:24.028000 querying health...
INFO:root:2017-05-27 14:42:29.118000 querying health...
INFO:root:2017-05-27 14:42:34.208000 querying health...
INFO:root:2017-05-27 14:42:39.294000 querying health...
INFO:root:2017-05-27 14:42:39.386000 uploading health data...
INFO:root:2017-05-27 14:42:40.422000 Upload successful
INFO:root:2017-05-27 14:42:41.435000 ad %s is currently playing
INFO:root:2017-05-27 14:42:54.694000 querying health...
INFO:root:2017-05-27 14:43:04.887000 querying health...
INFO:root:2017-05-27 14:43:09.974000 querying health...
INFO:root:2017-05-27 14:43:15.060000 querying health...
INFO:root:2017-05-27 14:43:20.157000 querying health...
INFO:root:2017-05-27 14:43:25.241000 querying health...
INFO:root:2017-05-27 14:43:25.323000 uploading health data...
INFO:root:2017-05-27 14:43:26.358000 Upload successful
INFO:root:2017-05-27 14:43:31.361000 querying health...
INFO:root:2017-05-27 14:43:36.447000 querying health...
INFO:root:2017-05-27 14:43:41.544000 querying health...
INFO:root:2017-05-27 14:43:46.631000 querying health...
INFO:root:2017-05-27 14:43:51.734000 querying health...
INFO:root:2017-05-27 14:43:56.833000 querying health...
INFO:root:2017-05-27 14:43:56.918000 uploading health data...
INFO:root:2017-05-27 14:43:57.973000 Upload successful
INFO:root:2017-05-27 14:44:04.019000 querying health...
INFO:root:2017-05-27 14:44:09.113000 querying health...
INFO:root:2017-05-27 14:44:14.205000 querying health...
INFO:root:2017-05-27 14:44:19.296000 querying health...
INFO:root:2017-05-27 14:44:24.381000 querying health...
INFO:root:2017-05-27 14:44:29.468000 querying health...
INFO:root:2017-05-27 14:44:29.558000 uploading health data...
INFO:root:2017-05-27 14:44:30.592000 Upload successful
INFO:root:2017-05-27 14:44:35.594000 querying health...
INFO:root:2017-05-27 14:44:40.685000 querying health...
INFO:root:2017-05-27 14:44:45.777000 querying health...
INFO:root:2017-05-27 14:44:50.869000 querying health...
INFO:root:2017-05-27 14:44:55.963000 querying health...
INFO:root:2017-05-27 14:45:01.060000 querying health...
INFO:root:2017-05-27 14:45:01.145000 uploading health data...
INFO:root:2017-05-27 14:45:02.178000 Upload successful
INFO:root:2017-05-27 14:45:08.225000 querying health...
INFO:root:2017-05-27 14:45:13.312000 querying health...
INFO:root:2017-05-27 14:45:18.400000 querying health...
INFO:root:2017-05-27 14:45:23.485000 querying health...
INFO:root:2017-05-27 14:45:28.575000 querying health...
INFO:root:2017-05-27 14:45:33.663000 querying health...
INFO:root:2017-05-27 14:45:33.750000 uploading health data...
INFO:root:2017-05-27 14:45:34.777000 Upload successful
INFO:root:2017-05-27 14:45:39.778000 querying health...
INFO:root:2017-05-27 14:45:44.863000 querying health...
INFO:root:2017-05-27 14:45:49.960000 querying health...
INFO:root:2017-05-27 14:45:55.047000 querying health...
INFO:root:2017-05-27 14:46:00.130000 querying health...
INFO:root:2017-05-27 14:46:05.220000 querying health...
INFO:root:2017-05-27 14:46:05.304000 uploading health data...
INFO:root:2017-05-27 14:46:06.333000 Upload successful
INFO:root:2017-05-27 14:46:12.377000 querying health...
INFO:root:2017-05-27 14:46:17.572000 querying health...
INFO:root:2017-05-27 14:46:22.660000 querying health...
INFO:root:2017-05-27 14:46:27.762000 querying health...
INFO:root:2017-05-27 14:46:32.842000 querying health...
INFO:root:2017-05-27 14:46:37.929000 querying health...
INFO:root:2017-05-27 14:46:38.031000 uploading health data...
INFO:root:2017-05-27 14:46:39.069000 Upload successful
INFO:root:2017-05-27 14:46:44.074000 querying health...
INFO:root:2017-05-27 14:46:49.163000 querying health...
INFO:root:2017-05-27 14:46:54.253000 querying health...
INFO:root:2017-05-27 14:46:59.342000 querying health...
INFO:root:2017-05-27 14:47:04.434000 querying health...
INFO:root:2017-05-27 14:47:09.536000 querying health...
INFO:root:2017-05-27 14:47:09.624000 uploading health data...
INFO:root:2017-05-27 14:47:10.653000 Upload successful
INFO:root:2017-05-27 14:47:11.665000 ad %s is currently playing
INFO:root:2017-05-27 14:47:25.246000 querying health...
INFO:root:2017-05-27 14:47:35.424000 querying health...
INFO:root:2017-05-27 14:47:40.522000 querying health...
INFO:root:2017-05-27 14:47:45.652000 querying health...
INFO:root:2017-05-27 14:47:50.745000 querying health...
INFO:root:2017-05-27 14:47:55.840000 querying health...
INFO:root:2017-05-27 14:47:55.929000 uploading health data...
INFO:root:2017-05-27 14:47:56.960000 Upload successful
INFO:root:2017-05-27 14:48:01.965000 querying health...
INFO:root:2017-05-27 14:48:07.060000 querying health...
INFO:root:2017-05-27 14:48:12.149000 querying health...
INFO:root:2017-05-27 14:48:17.232000 querying health...
INFO:root:2017-05-27 14:48:22.330000 querying health...
INFO:root:2017-05-27 14:48:27.428000 querying health...
INFO:root:2017-05-27 14:48:27.524000 uploading health data...
INFO:root:2017-05-27 14:48:28.567000 Upload successful
INFO:root:2017-05-27 14:48:29.581000 No updates
INFO:root:2017-05-27 14:48:34.584000 querying health...
INFO:root:2017-05-27 14:48:39.674000 querying health...
INFO:root:2017-05-27 14:48:44.776000 querying health...
INFO:root:2017-05-27 14:48:49.873000 querying health...
INFO:root:2017-05-27 14:48:54.958000 querying health...
INFO:root:2017-05-27 14:49:00.051000 querying health...
INFO:root:2017-05-27 14:49:00.165000 uploading health data...
INFO:root:2017-05-27 14:49:01.196000 Upload successful
INFO:root:2017-05-27 14:49:06.197000 querying health...
INFO:root:2017-05-27 14:49:11.288000 querying health...
INFO:root:2017-05-27 14:49:16.375000 querying health...
INFO:root:2017-05-27 14:49:21.467000 querying health...
INFO:root:2017-05-27 14:49:26.553000 querying health...
INFO:root:2017-05-27 14:49:31.644000 querying health...
INFO:root:2017-05-27 14:49:31.730000 uploading health data...
INFO:root:2017-05-27 14:49:32.766000 Upload successful
INFO:root:2017-05-27 14:49:33.780000 No updates
INFO:root:2017-05-27 14:49:38.785000 querying health...
INFO:root:2017-05-27 14:49:43.871000 querying health...
INFO:root:2017-05-27 14:49:48.959000 querying health...
INFO:root:2017-05-27 14:49:54.045000 querying health...
INFO:root:2017-05-27 14:49:59.137000 querying health...
INFO:root:2017-05-27 14:50:04.255000 querying health...
INFO:root:2017-05-27 14:50:04.337000 uploading health data...
INFO:root:2017-05-27 14:50:05.370000 Upload successful
INFO:root:2017-05-27 14:50:10.374000 querying health...
INFO:root:2017-05-27 14:50:15.470000 querying health...
INFO:root:2017-05-27 14:50:20.555000 querying health...
INFO:root:2017-05-27 14:50:25.649000 querying health...
INFO:root:2017-05-27 14:50:30.743000 querying health...
INFO:root:2017-05-27 14:50:35.831000 querying health...
INFO:root:2017-05-27 14:50:35.914000 uploading health data...
INFO:root:2017-05-27 14:50:36.945000 Upload successful
INFO:root:2017-05-27 14:50:43.008000 querying health...
INFO:root:2017-05-27 14:50:48.093000 querying health...
INFO:root:2017-05-27 14:50:53.189000 querying health...
INFO:root:2017-05-27 14:50:58.280000 querying health...
INFO:root:2017-05-27 14:51:03.373000 querying health...
INFO:root:2017-05-27 14:51:08.462000 querying health...
INFO:root:2017-05-27 14:51:08.567000 uploading health data...
INFO:root:2017-05-27 14:51:09.598000 Upload successful
INFO:root:2017-05-27 14:51:14.601000 querying health...
INFO:root:2017-05-27 14:51:19.688000 querying health...
INFO:root:2017-05-27 14:51:24.783000 querying health...
INFO:root:2017-05-27 14:51:29.871000 querying health...
INFO:root:2017-05-27 14:51:34.960000 querying health...
INFO:root:2017-05-27 14:51:40.064000 querying health...
INFO:root:2017-05-27 14:51:40.160000 uploading health data...
INFO:root:2017-05-27 14:51:41.194000 Upload successful
INFO:root:2017-05-27 14:51:42.209000 No updates
INFO:root:2017-05-27 14:51:47.211000 querying health...
